2020-06-15 15:05:34,975 INFO [main] k.a.h.c.DemoApplication [StartupInfoLogger.java:55] Starting DemoApplication on LAPTOP-RADIA with PID 7436 (C:\Users\Radia\Documents\vscode-workspace\python-workspace\웹프2 스프링부트 과제\product-api\target\classes started by Radia in c:\Users\Radia\Documents\vscode-workspace\python-workspace\웹프2 스프링부트 과제\product-api)
2020-06-15 15:05:34,983 INFO [main] k.a.h.c.DemoApplication [SpringApplication.java:651] No active profile set, falling back to default profiles: default
2020-06-15 15:05:37,070 INFO [main] o.s.d.r.c.RepositoryConfigurationDelegate [RepositoryConfigurationDelegate.java:127] Bootstrapping Spring Data JPA repositories in DEFERRED mode.
2020-06-15 15:05:37,191 INFO [main] o.s.d.r.c.RepositoryConfigurationDelegate [RepositoryConfigurationDelegate.java:187] Finished Spring Data repository scanning in 108ms. Found 1 JPA repository interfaces.
2020-06-15 15:05:38,567 INFO [main] o.s.b.w.e.t.TomcatWebServer [TomcatWebServer.java:108] Tomcat initialized with port(s): 8080 (http)
2020-06-15 15:05:38,590 INFO [main] o.a.c.h.Http11NioProtocol [DirectJDKLog.java:173] Initializing ProtocolHandler ["http-nio-8080"]
2020-06-15 15:05:38,592 INFO [main] o.a.c.c.StandardService [DirectJDKLog.java:173] Starting service [Tomcat]
2020-06-15 15:05:38,593 INFO [main] o.a.c.c.StandardEngine [DirectJDKLog.java:173] Starting Servlet engine: [Apache Tomcat/9.0.36]
2020-06-15 15:05:38,828 INFO [main] o.a.c.c.C.[.[.[/] [DirectJDKLog.java:173] Initializing Spring embedded WebApplicationContext
2020-06-15 15:05:38,828 INFO [main] o.s.b.w.s.c.ServletWebServerApplicationContext [ServletWebServerApplicationContext.java:285] Root WebApplicationContext: initialization completed in 3766 ms
2020-06-15 15:05:39,201 INFO [main] o.s.s.c.ThreadPoolTaskExecutor [ExecutorConfigurationSupport.java:181] Initializing ExecutorService 'applicationTaskExecutor'
2020-06-15 15:05:39,317 INFO [task-1] o.h.j.i.u.LogHelper [LogHelper.java:31] HHH000204: Processing PersistenceUnitInfo [name: default]
2020-06-15 15:05:39,360 WARN [main] o.s.b.a.o.j.JpaBaseConfiguration$JpaWebConfiguration [JpaBaseConfiguration.java:220] spring.jpa.open-in-view is enabled by default. Therefore, database queries may be performed during view rendering. Explicitly configure spring.jpa.open-in-view to disable this warning
2020-06-15 15:05:39,491 INFO [task-1] o.h.Version [Version.java:44] HHH000412: Hibernate ORM core version 5.4.17.Final
2020-06-15 15:05:39,910 INFO [main] o.s.b.a.w.s.WelcomePageHandlerMapping [WelcomePageHandlerMapping.java:58] Adding welcome page template: index
2020-06-15 15:05:40,023 INFO [task-1] o.h.a.c.Version [JavaReflectionManager.java:49] HCANN000001: Hibernate Commons Annotations {5.1.0.Final}
2020-06-15 15:05:40,346 INFO [main] o.a.c.h.Http11NioProtocol [DirectJDKLog.java:173] Starting ProtocolHandler ["http-nio-8080"]
2020-06-15 15:05:40,416 INFO [task-1] c.z.h.HikariDataSource [HikariDataSource.java:110] HikariPool-1 - Starting...
2020-06-15 15:05:40,803 INFO [main] o.s.b.w.e.t.TomcatWebServer [TomcatWebServer.java:220] Tomcat started on port(s): 8080 (http) with context path ''
2020-06-15 15:05:40,812 INFO [main] o.s.d.r.c.DeferredRepositoryInitializationListener [DeferredRepositoryInitializationListener.java:49] Triggering deferred initialization of Spring Data repositories…
2020-06-15 15:05:41,646 ERROR [task-1] c.z.h.p.HikariPool [HikariPool.java:593] HikariPool-1 - Exception during pool initialization.
java.sql.SQLException: Unsupported character encoding 'utf8mb4'
	at com.mysql.cj.jdbc.exceptions.SQLError.createSQLException(SQLError.java:129)
	at com.mysql.cj.jdbc.exceptions.SQLError.createSQLException(SQLError.java:97)
	at com.mysql.cj.jdbc.exceptions.SQLError.createSQLException(SQLError.java:89)
	at com.mysql.cj.jdbc.exceptions.SQLError.createSQLException(SQLError.java:63)
	at com.mysql.cj.jdbc.exceptions.SQLError.createSQLException(SQLError.java:73)
	at com.mysql.cj.jdbc.exceptions.SQLExceptionsMapping.translateException(SQLExceptionsMapping.java:85)
	at com.mysql.cj.jdbc.ConnectionImpl.<init>(ConnectionImpl.java:452)
	at com.mysql.cj.jdbc.ConnectionImpl.getInstance(ConnectionImpl.java:246)
	at com.mysql.cj.jdbc.NonRegisteringDriver.connect(NonRegisteringDriver.java:197)
	at com.zaxxer.hikari.util.DriverDataSource.getConnection(DriverDataSource.java:138)
	at com.zaxxer.hikari.pool.PoolBase.newConnection(PoolBase.java:358)
	at com.zaxxer.hikari.pool.PoolBase.newPoolEntry(PoolBase.java:206)
	at com.zaxxer.hikari.pool.HikariPool.createPoolEntry(HikariPool.java:477)
	at com.zaxxer.hikari.pool.HikariPool.checkFailFast(HikariPool.java:560)
	at com.zaxxer.hikari.pool.HikariPool.<init>(HikariPool.java:115)
	at com.zaxxer.hikari.HikariDataSource.getConnection(HikariDataSource.java:112)
	at org.hibernate.engine.jdbc.connections.internal.DatasourceConnectionProviderImpl.getConnection(DatasourceConnectionProviderImpl.java:122)
	at org.hibernate.engine.jdbc.env.internal.JdbcEnvironmentInitiator$ConnectionProviderJdbcConnectionAccess.obtainConnection(JdbcEnvironmentInitiator.java:180)
	at org.hibernate.engine.jdbc.env.internal.JdbcEnvironmentInitiator.initiateService(JdbcEnvironmentInitiator.java:68)
	at org.hibernate.engine.jdbc.env.internal.JdbcEnvironmentInitiator.initiateService(JdbcEnvironmentInitiator.java:35)
	at org.hibernate.boot.registry.internal.StandardServiceRegistryImpl.initiateService(StandardServiceRegistryImpl.java:101)
	at org.hibernate.service.internal.AbstractServiceRegistryImpl.createService(AbstractServiceRegistryImpl.java:263)
	at org.hibernate.service.internal.AbstractServiceRegistryImpl.initializeService(AbstractServiceRegistryImpl.java:237)
	at org.hibernate.service.internal.AbstractServiceRegistryImpl.getService(AbstractServiceRegistryImpl.java:214)
	at org.hibernate.id.factory.internal.DefaultIdentifierGeneratorFactory.injectServices(DefaultIdentifierGeneratorFactory.java:152)
	at org.hibernate.service.internal.AbstractServiceRegistryImpl.injectDependencies(AbstractServiceRegistryImpl.java:286)
	at org.hibernate.service.internal.AbstractServiceRegistryImpl.initializeService(AbstractServiceRegistryImpl.java:243)
	at org.hibernate.service.internal.AbstractServiceRegistryImpl.getService(AbstractServiceRegistryImpl.java:214)
	at org.hibernate.boot.internal.InFlightMetadataCollectorImpl.<init>(InFlightMetadataCollectorImpl.java:176)
	at org.hibernate.boot.model.process.spi.MetadataBuildingProcess.complete(MetadataBuildingProcess.java:118)
	at org.hibernate.jpa.boot.internal.EntityManagerFactoryBuilderImpl.metadata(EntityManagerFactoryBuilderImpl.java:1224)
	at org.hibernate.jpa.boot.internal.EntityManagerFactoryBuilderImpl.build(EntityManagerFactoryBuilderImpl.java:1255)
	at org.springframework.orm.jpa.vendor.SpringHibernateJpaPersistenceProvider.createContainerEntityManagerFactory(SpringHibernateJpaPersistenceProvider.java:58)
	at org.springframework.orm.jpa.LocalContainerEntityManagerFactoryBean.createNativeEntityManagerFactory(LocalContainerEntityManagerFactoryBean.java:365)
	at org.springframework.orm.jpa.AbstractEntityManagerFactoryBean.buildNativeEntityManagerFactory(AbstractEntityManagerFactoryBean.java:391)
	at java.base/java.util.concurrent.FutureTask.run(FutureTask.java:264)
	at java.base/java.util.concurrent.ThreadPoolExecutor.runWorker(ThreadPoolExecutor.java:1128)
	at java.base/java.util.concurrent.ThreadPoolExecutor$Worker.run(ThreadPoolExecutor.java:628)
	at java.base/java.lang.Thread.run(Thread.java:830)
Caused by: com.mysql.cj.exceptions.WrongArgumentException: Unsupported character encoding 'utf8mb4'
	at java.base/jdk.internal.reflect.NativeConstructorAccessorImpl.newInstance0(Native Method)
	at java.base/jdk.internal.reflect.NativeConstructorAccessorImpl.newInstance(NativeConstructorAccessorImpl.java:62)
	at java.base/jdk.internal.reflect.DelegatingConstructorAccessorImpl.newInstance(DelegatingConstructorAccessorImpl.java:45)
	at java.base/java.lang.reflect.Constructor.newInstanceWithCaller(Constructor.java:500)
	at java.base/java.lang.reflect.Constructor.newInstance(Constructor.java:481)
	at com.mysql.cj.exceptions.ExceptionFactory.createException(ExceptionFactory.java:61)
	at com.mysql.cj.exceptions.ExceptionFactory.createException(ExceptionFactory.java:105)
	at com.mysql.cj.util.StringUtils.getBytes(StringUtils.java:285)
	at com.mysql.cj.jdbc.JdbcPropertySetImpl.postInitialization(JdbcPropertySetImpl.java:64)
	at com.mysql.cj.conf.DefaultPropertySet.initializeProperties(DefaultPropertySet.java:231)
	at com.mysql.cj.jdbc.ConnectionImpl.<init>(ConnectionImpl.java:398)
	... 32 common frames omitted
Caused by: java.io.UnsupportedEncodingException: utf8mb4
	at java.base/java.lang.StringCoding.encode(StringCoding.java:427)
	at java.base/java.lang.String.getBytes(String.java:957)
	at com.mysql.cj.util.StringUtils.getBytes(StringUtils.java:283)
	... 35 common frames omitted
2020-06-15 15:05:41,649 WARN [task-1] o.h.e.j.e.i.JdbcEnvironmentInitiator [JdbcEnvironmentInitiator.java:132] HHH000342: Could not obtain connection to query metadata : Unsupported character encoding 'utf8mb4'
2020-06-15 15:05:41,696 WARN [main] o.s.b.w.s.c.AnnotationConfigServletWebServerApplicationContext [AbstractApplicationContext.java:559] Exception encountered during context initialization - cancelling refresh attempt: org.springframework.beans.factory.BeanCreationException: Error creating bean with name 'customerRepository' defined in kr.ac.hansung.cse.repo.CustomerRepository defined in @EnableJpaRepositories declared on JpaRepositoriesRegistrar.EnableJpaRepositoriesConfiguration: Cannot resolve reference to bean 'jpaMappingContext' while setting bean property 'mappingContext'; nested exception is org.springframework.beans.factory.BeanCreationException: Error creating bean with name 'jpaMappingContext': Invocation of init method failed; nested exception is org.hibernate.service.spi.ServiceException: Unable to create requested service [org.hibernate.engine.jdbc.env.spi.JdbcEnvironment]
2020-06-15 15:05:41,708 INFO [main] o.s.o.j.LocalContainerEntityManagerFactoryBean [AbstractEntityManagerFactoryBean.java:598] Closing JPA EntityManagerFactory for persistence unit 'default'
2020-06-15 15:05:41,710 WARN [main] o.s.b.f.s.DisposableBeanAdapter [DisposableBeanAdapter.java:267] Invocation of destroy method failed on bean with name 'entityManagerFactory': org.hibernate.service.spi.ServiceException: Unable to create requested service [org.hibernate.engine.jdbc.env.spi.JdbcEnvironment]
2020-06-15 15:05:41,711 INFO [main] o.s.s.c.ThreadPoolTaskExecutor [ExecutorConfigurationSupport.java:218] Shutting down ExecutorService 'applicationTaskExecutor'
2020-06-15 15:05:41,732 INFO [main] o.a.c.h.Http11NioProtocol [DirectJDKLog.java:173] Pausing ProtocolHandler ["http-nio-8080"]
2020-06-15 15:05:42,151 INFO [main] o.a.c.c.StandardService [DirectJDKLog.java:173] Stopping service [Tomcat]
2020-06-15 15:05:42,156 INFO [main] o.a.c.h.Http11NioProtocol [DirectJDKLog.java:173] Stopping ProtocolHandler ["http-nio-8080"]
2020-06-15 15:05:42,160 INFO [main] o.a.c.h.Http11NioProtocol [DirectJDKLog.java:173] Destroying ProtocolHandler ["http-nio-8080"]
2020-06-15 15:05:42,169 INFO [main] o.s.b.a.l.ConditionEvaluationReportLoggingListener [ConditionEvaluationReportLoggingListener.java:136] 

Error starting ApplicationContext. To display the conditions report re-run your application with 'debug' enabled.
2020-06-15 15:05:42,174 ERROR [main] o.s.b.SpringApplication [SpringApplication.java:837] Application run failed
org.springframework.beans.factory.BeanCreationException: Error creating bean with name 'customerRepository' defined in kr.ac.hansung.cse.repo.CustomerRepository defined in @EnableJpaRepositories declared on JpaRepositoriesRegistrar.EnableJpaRepositoriesConfiguration: Cannot resolve reference to bean 'jpaMappingContext' while setting bean property 'mappingContext'; nested exception is org.springframework.beans.factory.BeanCreationException: Error creating bean with name 'jpaMappingContext': Invocation of init method failed; nested exception is org.hibernate.service.spi.ServiceException: Unable to create requested service [org.hibernate.engine.jdbc.env.spi.JdbcEnvironment]
	at org.springframework.beans.factory.support.BeanDefinitionValueResolver.resolveReference(BeanDefinitionValueResolver.java:342)
	at org.springframework.beans.factory.support.BeanDefinitionValueResolver.resolveValueIfNecessary(BeanDefinitionValueResolver.java:113)
	at org.springframework.beans.factory.support.AbstractAutowireCapableBeanFactory.applyPropertyValues(AbstractAutowireCapableBeanFactory.java:1699)
	at org.springframework.beans.factory.support.AbstractAutowireCapableBeanFactory.populateBean(AbstractAutowireCapableBeanFactory.java:1444)
	at org.springframework.beans.factory.support.AbstractAutowireCapableBeanFactory.doCreateBean(AbstractAutowireCapableBeanFactory.java:594)
	at org.springframework.beans.factory.support.AbstractAutowireCapableBeanFactory.createBean(AbstractAutowireCapableBeanFactory.java:517)
	at org.springframework.beans.factory.support.AbstractBeanFactory.lambda$doGetBean$0(AbstractBeanFactory.java:323)
	at org.springframework.beans.factory.support.DefaultSingletonBeanRegistry.getSingleton(DefaultSingletonBeanRegistry.java:226)
	at org.springframework.beans.factory.support.AbstractBeanFactory.doGetBean(AbstractBeanFactory.java:321)
	at org.springframework.beans.factory.support.AbstractBeanFactory.getBean(AbstractBeanFactory.java:202)
	at org.springframework.beans.factory.support.DefaultListableBeanFactory.getBeansOfType(DefaultListableBeanFactory.java:621)
	at org.springframework.beans.factory.support.DefaultListableBeanFactory.getBeansOfType(DefaultListableBeanFactory.java:609)
	at org.springframework.data.repository.config.DeferredRepositoryInitializationListener.onApplicationEvent(DeferredRepositoryInitializationListener.java:51)
	at org.springframework.data.repository.config.DeferredRepositoryInitializationListener.onApplicationEvent(DeferredRepositoryInitializationListener.java:36)
	at org.springframework.context.event.SimpleApplicationEventMulticaster.doInvokeListener(SimpleApplicationEventMulticaster.java:172)
	at org.springframework.context.event.SimpleApplicationEventMulticaster.invokeListener(SimpleApplicationEventMulticaster.java:165)
	at org.springframework.context.event.SimpleApplicationEventMulticaster.multicastEvent(SimpleApplicationEventMulticaster.java:139)
	at org.springframework.context.support.AbstractApplicationContext.publishEvent(AbstractApplicationContext.java:404)
	at org.springframework.context.support.AbstractApplicationContext.publishEvent(AbstractApplicationContext.java:361)
	at org.springframework.context.support.AbstractApplicationContext.finishRefresh(AbstractApplicationContext.java:898)
	at org.springframework.context.support.AbstractApplicationContext.refresh(AbstractApplicationContext.java:554)
	at org.springframework.boot.web.servlet.context.ServletWebServerApplicationContext.refresh(ServletWebServerApplicationContext.java:143)
	at org.springframework.boot.SpringApplication.refresh(SpringApplication.java:758)
	at org.springframework.boot.SpringApplication.refresh(SpringApplication.java:750)
	at org.springframework.boot.SpringApplication.refreshContext(SpringApplication.java:397)
	at org.springframework.boot.SpringApplication.run(SpringApplication.java:315)
	at org.springframework.boot.SpringApplication.run(SpringApplication.java:1237)
	at org.springframework.boot.SpringApplication.run(SpringApplication.java:1226)
	at kr.ac.hansung.cse.DemoApplication.main(DemoApplication.java:10)
Caused by: org.springframework.beans.factory.BeanCreationException: Error creating bean with name 'jpaMappingContext': Invocation of init method failed; nested exception is org.hibernate.service.spi.ServiceException: Unable to create requested service [org.hibernate.engine.jdbc.env.spi.JdbcEnvironment]
	at org.springframework.beans.factory.support.AbstractAutowireCapableBeanFactory.initializeBean(AbstractAutowireCapableBeanFactory.java:1796)
	at org.springframework.beans.factory.support.AbstractAutowireCapableBeanFactory.doCreateBean(AbstractAutowireCapableBeanFactory.java:595)
	at org.springframework.beans.factory.support.AbstractAutowireCapableBeanFactory.createBean(AbstractAutowireCapableBeanFactory.java:517)
	at org.springframework.beans.factory.support.AbstractBeanFactory.lambda$doGetBean$0(AbstractBeanFactory.java:323)
	at org.springframework.beans.factory.support.DefaultSingletonBeanRegistry.getSingleton(DefaultSingletonBeanRegistry.java:226)
	at org.springframework.beans.factory.support.AbstractBeanFactory.doGetBean(AbstractBeanFactory.java:321)
	at org.springframework.beans.factory.support.AbstractBeanFactory.getBean(AbstractBeanFactory.java:202)
	at org.springframework.beans.factory.support.BeanDefinitionValueResolver.resolveReference(BeanDefinitionValueResolver.java:330)
	... 28 common frames omitted
Caused by: org.hibernate.service.spi.ServiceException: Unable to create requested service [org.hibernate.engine.jdbc.env.spi.JdbcEnvironment]
	at org.hibernate.service.internal.AbstractServiceRegistryImpl.createService(AbstractServiceRegistryImpl.java:275)
	at org.hibernate.service.internal.AbstractServiceRegistryImpl.initializeService(AbstractServiceRegistryImpl.java:237)
	at org.hibernate.service.internal.AbstractServiceRegistryImpl.getService(AbstractServiceRegistryImpl.java:214)
	at org.hibernate.id.factory.internal.DefaultIdentifierGeneratorFactory.injectServices(DefaultIdentifierGeneratorFactory.java:152)
	at org.hibernate.service.internal.AbstractServiceRegistryImpl.injectDependencies(AbstractServiceRegistryImpl.java:286)
	at org.hibernate.service.internal.AbstractServiceRegistryImpl.initializeService(AbstractServiceRegistryImpl.java:243)
	at org.hibernate.service.internal.AbstractServiceRegistryImpl.getService(AbstractServiceRegistryImpl.java:214)
	at org.hibernate.boot.internal.InFlightMetadataCollectorImpl.<init>(InFlightMetadataCollectorImpl.java:176)
	at org.hibernate.boot.model.process.spi.MetadataBuildingProcess.complete(MetadataBuildingProcess.java:118)
	at org.hibernate.jpa.boot.internal.EntityManagerFactoryBuilderImpl.metadata(EntityManagerFactoryBuilderImpl.java:1224)
	at org.hibernate.jpa.boot.internal.EntityManagerFactoryBuilderImpl.build(EntityManagerFactoryBuilderImpl.java:1255)
	at org.springframework.orm.jpa.vendor.SpringHibernateJpaPersistenceProvider.createContainerEntityManagerFactory(SpringHibernateJpaPersistenceProvider.java:58)
	at org.springframework.orm.jpa.LocalContainerEntityManagerFactoryBean.createNativeEntityManagerFactory(LocalContainerEntityManagerFactoryBean.java:365)
	at org.springframework.orm.jpa.AbstractEntityManagerFactoryBean.buildNativeEntityManagerFactory(AbstractEntityManagerFactoryBean.java:391)
	at java.base/java.util.concurrent.FutureTask.run(FutureTask.java:264)
	at java.base/java.util.concurrent.ThreadPoolExecutor.runWorker(ThreadPoolExecutor.java:1128)
	at java.base/java.util.concurrent.ThreadPoolExecutor$Worker.run(ThreadPoolExecutor.java:628)
	at java.base/java.lang.Thread.run(Thread.java:830)
Caused by: org.hibernate.HibernateException: Access to DialectResolutionInfo cannot be null when 'hibernate.dialect' not set
	at org.hibernate.engine.jdbc.dialect.internal.DialectFactoryImpl.determineDialect(DialectFactoryImpl.java:100)
	at org.hibernate.engine.jdbc.dialect.internal.DialectFactoryImpl.buildDialect(DialectFactoryImpl.java:54)
	at org.hibernate.engine.jdbc.env.internal.JdbcEnvironmentInitiator.initiateService(JdbcEnvironmentInitiator.java:137)
	at org.hibernate.engine.jdbc.env.internal.JdbcEnvironmentInitiator.initiateService(JdbcEnvironmentInitiator.java:35)
	at org.hibernate.boot.registry.internal.StandardServiceRegistryImpl.initiateService(StandardServiceRegistryImpl.java:101)
	at org.hibernate.service.internal.AbstractServiceRegistryImpl.createService(AbstractServiceRegistryImpl.java:263)
	... 17 common frames omitted
2020-06-15 15:09:33,905 INFO [main] k.a.h.c.DemoApplication [StartupInfoLogger.java:55] Starting DemoApplication on LAPTOP-RADIA with PID 12176 (C:\Users\Radia\Documents\vscode-workspace\python-workspace\웹프2 스프링부트 과제\product-api\target\classes started by Radia in c:\Users\Radia\Documents\vscode-workspace\python-workspace\웹프2 스프링부트 과제\product-api)
2020-06-15 15:09:33,910 INFO [main] k.a.h.c.DemoApplication [SpringApplication.java:651] No active profile set, falling back to default profiles: default
2020-06-15 15:09:35,073 INFO [main] o.s.d.r.c.RepositoryConfigurationDelegate [RepositoryConfigurationDelegate.java:127] Bootstrapping Spring Data JPA repositories in DEFERRED mode.
2020-06-15 15:09:35,155 INFO [main] o.s.d.r.c.RepositoryConfigurationDelegate [RepositoryConfigurationDelegate.java:187] Finished Spring Data repository scanning in 70ms. Found 1 JPA repository interfaces.
2020-06-15 15:09:35,949 INFO [main] o.s.b.w.e.t.TomcatWebServer [TomcatWebServer.java:108] Tomcat initialized with port(s): 8080 (http)
2020-06-15 15:09:35,967 INFO [main] o.a.c.h.Http11NioProtocol [DirectJDKLog.java:173] Initializing ProtocolHandler ["http-nio-8080"]
2020-06-15 15:09:35,969 INFO [main] o.a.c.c.StandardService [DirectJDKLog.java:173] Starting service [Tomcat]
2020-06-15 15:09:35,970 INFO [main] o.a.c.c.StandardEngine [DirectJDKLog.java:173] Starting Servlet engine: [Apache Tomcat/9.0.36]
2020-06-15 15:09:36,169 INFO [main] o.a.c.c.C.[.[.[/] [DirectJDKLog.java:173] Initializing Spring embedded WebApplicationContext
2020-06-15 15:09:36,170 INFO [main] o.s.b.w.s.c.ServletWebServerApplicationContext [ServletWebServerApplicationContext.java:285] Root WebApplicationContext: initialization completed in 2188 ms
2020-06-15 15:09:36,440 INFO [main] o.s.s.c.ThreadPoolTaskExecutor [ExecutorConfigurationSupport.java:181] Initializing ExecutorService 'applicationTaskExecutor'
2020-06-15 15:09:36,512 INFO [task-1] o.h.j.i.u.LogHelper [LogHelper.java:31] HHH000204: Processing PersistenceUnitInfo [name: default]
2020-06-15 15:09:36,559 WARN [main] o.s.b.a.o.j.JpaBaseConfiguration$JpaWebConfiguration [JpaBaseConfiguration.java:220] spring.jpa.open-in-view is enabled by default. Therefore, database queries may be performed during view rendering. Explicitly configure spring.jpa.open-in-view to disable this warning
2020-06-15 15:09:36,645 INFO [task-1] o.h.Version [Version.java:44] HHH000412: Hibernate ORM core version 5.4.17.Final
2020-06-15 15:09:36,917 INFO [main] o.s.b.a.w.s.WelcomePageHandlerMapping [WelcomePageHandlerMapping.java:58] Adding welcome page template: index
2020-06-15 15:09:36,963 INFO [task-1] o.h.a.c.Version [JavaReflectionManager.java:49] HCANN000001: Hibernate Commons Annotations {5.1.0.Final}
2020-06-15 15:09:37,182 INFO [task-1] c.z.h.HikariDataSource [HikariDataSource.java:110] HikariPool-1 - Starting...
2020-06-15 15:09:37,189 INFO [main] o.a.c.h.Http11NioProtocol [DirectJDKLog.java:173] Starting ProtocolHandler ["http-nio-8080"]
2020-06-15 15:09:37,532 INFO [main] o.s.b.w.e.t.TomcatWebServer [TomcatWebServer.java:220] Tomcat started on port(s): 8080 (http) with context path ''
2020-06-15 15:09:37,535 INFO [main] o.s.d.r.c.DeferredRepositoryInitializationListener [DeferredRepositoryInitializationListener.java:49] Triggering deferred initialization of Spring Data repositories…
2020-06-15 15:09:37,952 INFO [task-1] c.z.h.HikariDataSource [HikariDataSource.java:123] HikariPool-1 - Start completed.
2020-06-15 15:09:37,998 INFO [task-1] o.h.d.Dialect [Dialect.java:172] HHH000400: Using dialect: org.hibernate.dialect.MySQL8Dialect
2020-06-15 15:09:39,194 INFO [task-1] o.h.e.t.j.p.i.JtaPlatformInitiator [JtaPlatformInitiator.java:52] HHH000490: Using JtaPlatform implementation: [org.hibernate.engine.transaction.jta.platform.internal.NoJtaPlatform]
2020-06-15 15:09:39,208 INFO [task-1] o.s.o.j.LocalContainerEntityManagerFactoryBean [AbstractEntityManagerFactoryBean.java:416] Initialized JPA EntityManagerFactory for persistence unit 'default'
2020-06-15 15:09:39,738 INFO [main] o.s.d.r.c.DeferredRepositoryInitializationListener [DeferredRepositoryInitializationListener.java:53] Spring Data repositories initialized!
2020-06-15 15:09:39,750 INFO [main] k.a.h.c.DemoApplication [StartupInfoLogger.java:61] Started DemoApplication in 6.298 seconds (JVM running for 7.312)
2020-06-15 15:12:08,929 INFO [main] k.a.h.c.DemoApplication [StartupInfoLogger.java:55] Starting DemoApplication on LAPTOP-RADIA with PID 16052 (C:\Users\Radia\Documents\vscode-workspace\python-workspace\웹프2 스프링부트 과제\product-api\target\classes started by Radia in c:\Users\Radia\Documents\vscode-workspace\python-workspace\웹프2 스프링부트 과제\product-api)
2020-06-15 15:12:08,940 INFO [main] k.a.h.c.DemoApplication [SpringApplication.java:651] No active profile set, falling back to default profiles: default
2020-06-15 15:12:11,311 INFO [main] o.s.d.r.c.RepositoryConfigurationDelegate [RepositoryConfigurationDelegate.java:127] Bootstrapping Spring Data JPA repositories in DEFERRED mode.
2020-06-15 15:12:11,508 INFO [main] o.s.d.r.c.RepositoryConfigurationDelegate [RepositoryConfigurationDelegate.java:187] Finished Spring Data repository scanning in 173ms. Found 1 JPA repository interfaces.
2020-06-15 15:12:13,181 INFO [main] o.s.b.w.e.t.TomcatWebServer [TomcatWebServer.java:108] Tomcat initialized with port(s): 8080 (http)
2020-06-15 15:12:13,209 INFO [main] o.a.c.h.Http11NioProtocol [DirectJDKLog.java:173] Initializing ProtocolHandler ["http-nio-8080"]
2020-06-15 15:12:13,211 INFO [main] o.a.c.c.StandardService [DirectJDKLog.java:173] Starting service [Tomcat]
2020-06-15 15:12:13,212 INFO [main] o.a.c.c.StandardEngine [DirectJDKLog.java:173] Starting Servlet engine: [Apache Tomcat/9.0.36]
2020-06-15 15:12:13,582 INFO [main] o.a.c.c.C.[.[.[/] [DirectJDKLog.java:173] Initializing Spring embedded WebApplicationContext
2020-06-15 15:12:13,582 INFO [main] o.s.b.w.s.c.ServletWebServerApplicationContext [ServletWebServerApplicationContext.java:285] Root WebApplicationContext: initialization completed in 4520 ms
2020-06-15 15:12:14,115 INFO [main] o.s.s.c.ThreadPoolTaskExecutor [ExecutorConfigurationSupport.java:181] Initializing ExecutorService 'applicationTaskExecutor'
2020-06-15 15:12:14,250 INFO [task-1] o.h.j.i.u.LogHelper [LogHelper.java:31] HHH000204: Processing PersistenceUnitInfo [name: default]
2020-06-15 15:12:14,331 WARN [main] o.s.b.a.o.j.JpaBaseConfiguration$JpaWebConfiguration [JpaBaseConfiguration.java:220] spring.jpa.open-in-view is enabled by default. Therefore, database queries may be performed during view rendering. Explicitly configure spring.jpa.open-in-view to disable this warning
2020-06-15 15:12:14,479 INFO [task-1] o.h.Version [Version.java:44] HHH000412: Hibernate ORM core version 5.4.17.Final
2020-06-15 15:12:14,945 INFO [main] o.s.b.a.w.s.WelcomePageHandlerMapping [WelcomePageHandlerMapping.java:58] Adding welcome page template: index
2020-06-15 15:12:15,009 INFO [task-1] o.h.a.c.Version [JavaReflectionManager.java:49] HCANN000001: Hibernate Commons Annotations {5.1.0.Final}
2020-06-15 15:12:15,447 INFO [main] o.a.c.h.Http11NioProtocol [DirectJDKLog.java:173] Starting ProtocolHandler ["http-nio-8080"]
2020-06-15 15:12:15,462 INFO [task-1] c.z.h.HikariDataSource [HikariDataSource.java:110] HikariPool-1 - Starting...
2020-06-15 15:12:16,056 INFO [main] o.s.b.w.e.t.TomcatWebServer [TomcatWebServer.java:220] Tomcat started on port(s): 8080 (http) with context path ''
2020-06-15 15:12:16,061 INFO [main] o.s.d.r.c.DeferredRepositoryInitializationListener [DeferredRepositoryInitializationListener.java:49] Triggering deferred initialization of Spring Data repositories…
2020-06-15 15:12:16,843 INFO [task-1] c.z.h.HikariDataSource [HikariDataSource.java:123] HikariPool-1 - Start completed.
2020-06-15 15:12:16,964 INFO [task-1] o.h.d.Dialect [Dialect.java:172] HHH000400: Using dialect: org.hibernate.dialect.MySQL8Dialect
2020-06-15 15:12:18,864 INFO [task-1] o.h.e.t.j.p.i.JtaPlatformInitiator [JtaPlatformInitiator.java:52] HHH000490: Using JtaPlatform implementation: [org.hibernate.engine.transaction.jta.platform.internal.NoJtaPlatform]
2020-06-15 15:12:18,886 INFO [task-1] o.s.o.j.LocalContainerEntityManagerFactoryBean [AbstractEntityManagerFactoryBean.java:416] Initialized JPA EntityManagerFactory for persistence unit 'default'
2020-06-15 15:12:19,446 INFO [main] o.s.d.r.c.DeferredRepositoryInitializationListener [DeferredRepositoryInitializationListener.java:53] Spring Data repositories initialized!
2020-06-15 15:12:19,467 INFO [main] k.a.h.c.DemoApplication [StartupInfoLogger.java:61] Started DemoApplication in 11.388 seconds (JVM running for 13.692)
2020-06-15 15:45:37,797 INFO [main] k.a.h.c.DemoApplication [StartupInfoLogger.java:55] Starting DemoApplication on LAPTOP-RADIA with PID 4776 (C:\Users\Radia\Documents\vscode-workspace\python-workspace\웹프2 스프링부트 과제\product-api\target\classes started by Radia in C:\Users\Radia\Documents\vscode-workspace\python-workspace\웹프2 스프링부트 과제\product-api)
2020-06-15 15:45:37,807 INFO [main] k.a.h.c.DemoApplication [SpringApplication.java:651] No active profile set, falling back to default profiles: default
2020-06-15 15:45:40,032 INFO [main] o.s.d.r.c.RepositoryConfigurationDelegate [RepositoryConfigurationDelegate.java:127] Bootstrapping Spring Data JPA repositories in DEFERRED mode.
2020-06-15 15:45:40,173 INFO [main] o.s.d.r.c.RepositoryConfigurationDelegate [RepositoryConfigurationDelegate.java:187] Finished Spring Data repository scanning in 115ms. Found 1 JPA repository interfaces.
2020-06-15 15:45:41,761 INFO [main] o.s.b.w.e.t.TomcatWebServer [TomcatWebServer.java:108] Tomcat initialized with port(s): 8080 (http)
2020-06-15 15:45:41,777 INFO [main] o.a.c.h.Http11NioProtocol [DirectJDKLog.java:173] Initializing ProtocolHandler ["http-nio-8080"]
2020-06-15 15:45:41,778 INFO [main] o.a.c.c.StandardService [DirectJDKLog.java:173] Starting service [Tomcat]
2020-06-15 15:45:41,778 INFO [main] o.a.c.c.StandardEngine [DirectJDKLog.java:173] Starting Servlet engine: [Apache Tomcat/9.0.36]
2020-06-15 15:45:42,108 INFO [main] o.a.c.c.C.[.[.[/] [DirectJDKLog.java:173] Initializing Spring embedded WebApplicationContext
2020-06-15 15:45:42,109 INFO [main] o.s.b.w.s.c.ServletWebServerApplicationContext [ServletWebServerApplicationContext.java:285] Root WebApplicationContext: initialization completed in 4223 ms
2020-06-15 15:45:42,573 INFO [main] o.s.s.c.ThreadPoolTaskExecutor [ExecutorConfigurationSupport.java:181] Initializing ExecutorService 'applicationTaskExecutor'
2020-06-15 15:45:42,689 INFO [task-1] o.h.j.i.u.LogHelper [LogHelper.java:31] HHH000204: Processing PersistenceUnitInfo [name: default]
2020-06-15 15:45:42,784 WARN [main] o.s.b.a.o.j.JpaBaseConfiguration$JpaWebConfiguration [JpaBaseConfiguration.java:220] spring.jpa.open-in-view is enabled by default. Therefore, database queries may be performed during view rendering. Explicitly configure spring.jpa.open-in-view to disable this warning
2020-06-15 15:45:42,943 INFO [task-1] o.h.Version [Version.java:44] HHH000412: Hibernate ORM core version 5.4.17.Final
2020-06-15 15:45:43,425 INFO [main] o.s.b.a.w.s.WelcomePageHandlerMapping [WelcomePageHandlerMapping.java:58] Adding welcome page template: index
2020-06-15 15:45:43,463 INFO [task-1] o.h.a.c.Version [JavaReflectionManager.java:49] HCANN000001: Hibernate Commons Annotations {5.1.0.Final}
2020-06-15 15:45:43,843 INFO [main] o.a.c.h.Http11NioProtocol [DirectJDKLog.java:173] Starting ProtocolHandler ["http-nio-8080"]
2020-06-15 15:45:43,868 INFO [task-1] c.z.h.HikariDataSource [HikariDataSource.java:110] HikariPool-1 - Starting...
2020-06-15 15:45:44,347 INFO [main] o.s.b.w.e.t.TomcatWebServer [TomcatWebServer.java:220] Tomcat started on port(s): 8080 (http) with context path ''
2020-06-15 15:45:44,352 INFO [main] o.s.d.r.c.DeferredRepositoryInitializationListener [DeferredRepositoryInitializationListener.java:49] Triggering deferred initialization of Spring Data repositories…
2020-06-15 15:45:44,869 INFO [task-1] c.z.h.HikariDataSource [HikariDataSource.java:123] HikariPool-1 - Start completed.
2020-06-15 15:45:44,947 INFO [task-1] o.h.d.Dialect [Dialect.java:172] HHH000400: Using dialect: org.hibernate.dialect.MySQL8Dialect
2020-06-15 15:45:46,694 INFO [task-1] o.h.e.t.j.p.i.JtaPlatformInitiator [JtaPlatformInitiator.java:52] HHH000490: Using JtaPlatform implementation: [org.hibernate.engine.transaction.jta.platform.internal.NoJtaPlatform]
2020-06-15 15:45:46,708 INFO [task-1] o.s.o.j.LocalContainerEntityManagerFactoryBean [AbstractEntityManagerFactoryBean.java:416] Initialized JPA EntityManagerFactory for persistence unit 'default'
2020-06-15 15:45:47,265 INFO [main] o.s.d.r.c.DeferredRepositoryInitializationListener [DeferredRepositoryInitializationListener.java:53] Spring Data repositories initialized!
2020-06-15 15:45:47,308 INFO [main] k.a.h.c.DemoApplication [StartupInfoLogger.java:61] Started DemoApplication in 10.189 seconds (JVM running for 11.194)
2020-06-15 21:59:16,841 INFO [main] k.a.h.c.DemoApplication [StartupInfoLogger.java:55] Starting DemoApplication on LAPTOP-RADIA with PID 19740 (C:\Users\Radia\Documents\vscode-workspace\python-workspace\웹프2 스프링부트 과제\product-api\target\classes started by Radia in c:\Users\Radia\Documents\vscode-workspace\python-workspace\웹프2 스프링부트 과제\product-api)
2020-06-15 21:59:16,847 INFO [main] k.a.h.c.DemoApplication [SpringApplication.java:651] No active profile set, falling back to default profiles: default
2020-06-15 21:59:18,595 INFO [main] o.s.d.r.c.RepositoryConfigurationDelegate [RepositoryConfigurationDelegate.java:127] Bootstrapping Spring Data JPA repositories in DEFERRED mode.
2020-06-15 21:59:18,678 INFO [main] o.s.d.r.c.RepositoryConfigurationDelegate [RepositoryConfigurationDelegate.java:187] Finished Spring Data repository scanning in 71ms. Found 2 JPA repository interfaces.
2020-06-15 21:59:19,523 INFO [main] o.s.b.w.e.t.TomcatWebServer [TomcatWebServer.java:108] Tomcat initialized with port(s): 8080 (http)
2020-06-15 21:59:19,540 INFO [main] o.a.c.h.Http11NioProtocol [DirectJDKLog.java:173] Initializing ProtocolHandler ["http-nio-8080"]
2020-06-15 21:59:19,541 INFO [main] o.a.c.c.StandardService [DirectJDKLog.java:173] Starting service [Tomcat]
2020-06-15 21:59:19,542 INFO [main] o.a.c.c.StandardEngine [DirectJDKLog.java:173] Starting Servlet engine: [Apache Tomcat/9.0.36]
2020-06-15 21:59:19,778 INFO [main] o.a.c.c.C.[.[.[/] [DirectJDKLog.java:173] Initializing Spring embedded WebApplicationContext
2020-06-15 21:59:19,779 INFO [main] o.s.b.w.s.c.ServletWebServerApplicationContext [ServletWebServerApplicationContext.java:285] Root WebApplicationContext: initialization completed in 2863 ms
2020-06-15 21:59:20,206 INFO [main] o.s.s.c.ThreadPoolTaskExecutor [ExecutorConfigurationSupport.java:181] Initializing ExecutorService 'applicationTaskExecutor'
2020-06-15 21:59:20,281 INFO [task-1] o.h.j.i.u.LogHelper [LogHelper.java:31] HHH000204: Processing PersistenceUnitInfo [name: default]
2020-06-15 21:59:20,335 WARN [main] o.s.b.a.o.j.JpaBaseConfiguration$JpaWebConfiguration [JpaBaseConfiguration.java:220] spring.jpa.open-in-view is enabled by default. Therefore, database queries may be performed during view rendering. Explicitly configure spring.jpa.open-in-view to disable this warning
2020-06-15 21:59:20,462 INFO [task-1] o.h.Version [Version.java:44] HHH000412: Hibernate ORM core version 5.4.17.Final
2020-06-15 21:59:20,748 INFO [main] o.s.b.a.w.s.WelcomePageHandlerMapping [WelcomePageHandlerMapping.java:58] Adding welcome page template: index
2020-06-15 21:59:20,818 INFO [task-1] o.h.a.c.Version [JavaReflectionManager.java:49] HCANN000001: Hibernate Commons Annotations {5.1.0.Final}
2020-06-15 21:59:21,035 INFO [task-1] c.z.h.HikariDataSource [HikariDataSource.java:110] HikariPool-1 - Starting...
2020-06-15 21:59:21,799 INFO [task-1] c.z.h.HikariDataSource [HikariDataSource.java:123] HikariPool-1 - Start completed.
2020-06-15 21:59:21,862 INFO [task-1] o.h.d.Dialect [Dialect.java:172] HHH000400: Using dialect: org.hibernate.dialect.MySQL8Dialect
2020-06-15 21:59:22,916 INFO [task-1] o.h.t.PojoInstantiator [PojoInstantiator.java:47] HHH000182: No default (no-argument) constructor for class: kr.ac.hansung.cse.model.Product (class must be instantiated by Interceptor)
2020-06-15 21:59:23,339 INFO [task-1] o.h.e.t.j.p.i.JtaPlatformInitiator [JtaPlatformInitiator.java:52] HHH000490: Using JtaPlatform implementation: [org.hibernate.engine.transaction.jta.platform.internal.NoJtaPlatform]
2020-06-15 21:59:23,385 INFO [task-1] o.s.o.j.LocalContainerEntityManagerFactoryBean [AbstractEntityManagerFactoryBean.java:416] Initialized JPA EntityManagerFactory for persistence unit 'default'
2020-06-15 21:59:23,511 INFO [main] o.s.b.a.e.w.EndpointLinksResolver [EndpointLinksResolver.java:58] Exposing 2 endpoint(s) beneath base path '/actuator'
2020-06-15 21:59:23,600 INFO [main] o.a.c.h.Http11NioProtocol [DirectJDKLog.java:173] Starting ProtocolHandler ["http-nio-8080"]
2020-06-15 21:59:23,887 INFO [main] o.s.b.w.e.t.TomcatWebServer [TomcatWebServer.java:220] Tomcat started on port(s): 8080 (http) with context path ''
2020-06-15 21:59:23,889 INFO [main] o.s.d.r.c.DeferredRepositoryInitializationListener [DeferredRepositoryInitializationListener.java:49] Triggering deferred initialization of Spring Data repositories…
2020-06-15 21:59:24,355 INFO [main] o.s.d.r.c.DeferredRepositoryInitializationListener [DeferredRepositoryInitializationListener.java:53] Spring Data repositories initialized!
2020-06-15 21:59:24,368 INFO [main] k.a.h.c.DemoApplication [StartupInfoLogger.java:61] Started DemoApplication in 7.913 seconds (JVM running for 8.988)
2020-06-15 22:00:31,116 INFO [main] k.a.h.c.DemoApplication [StartupInfoLogger.java:55] Starting DemoApplication on LAPTOP-RADIA with PID 15688 (C:\Users\Radia\Documents\vscode-workspace\python-workspace\웹프2 스프링부트 과제\product-api\target\classes started by Radia in C:\Users\Radia\Documents\vscode-workspace\python-workspace\웹프2 스프링부트 과제\product-api)
2020-06-15 22:00:31,122 INFO [main] k.a.h.c.DemoApplication [SpringApplication.java:651] No active profile set, falling back to default profiles: default
2020-06-15 22:00:32,772 INFO [main] o.s.d.r.c.RepositoryConfigurationDelegate [RepositoryConfigurationDelegate.java:127] Bootstrapping Spring Data JPA repositories in DEFERRED mode.
2020-06-15 22:00:32,865 INFO [main] o.s.d.r.c.RepositoryConfigurationDelegate [RepositoryConfigurationDelegate.java:187] Finished Spring Data repository scanning in 83ms. Found 2 JPA repository interfaces.
2020-06-15 22:00:33,833 INFO [main] o.s.b.w.e.t.TomcatWebServer [TomcatWebServer.java:108] Tomcat initialized with port(s): 8080 (http)
2020-06-15 22:00:33,848 INFO [main] o.a.c.h.Http11NioProtocol [DirectJDKLog.java:173] Initializing ProtocolHandler ["http-nio-8080"]
2020-06-15 22:00:33,849 INFO [main] o.a.c.c.StandardService [DirectJDKLog.java:173] Starting service [Tomcat]
2020-06-15 22:00:33,849 INFO [main] o.a.c.c.StandardEngine [DirectJDKLog.java:173] Starting Servlet engine: [Apache Tomcat/9.0.36]
2020-06-15 22:00:34,019 INFO [main] o.a.c.c.C.[.[.[/] [DirectJDKLog.java:173] Initializing Spring embedded WebApplicationContext
2020-06-15 22:00:34,020 INFO [main] o.s.b.w.s.c.ServletWebServerApplicationContext [ServletWebServerApplicationContext.java:285] Root WebApplicationContext: initialization completed in 2825 ms
2020-06-15 22:00:34,409 INFO [main] o.s.s.c.ThreadPoolTaskExecutor [ExecutorConfigurationSupport.java:181] Initializing ExecutorService 'applicationTaskExecutor'
2020-06-15 22:00:34,484 INFO [task-1] o.h.j.i.u.LogHelper [LogHelper.java:31] HHH000204: Processing PersistenceUnitInfo [name: default]
2020-06-15 22:00:34,551 WARN [main] o.s.b.a.o.j.JpaBaseConfiguration$JpaWebConfiguration [JpaBaseConfiguration.java:220] spring.jpa.open-in-view is enabled by default. Therefore, database queries may be performed during view rendering. Explicitly configure spring.jpa.open-in-view to disable this warning
2020-06-15 22:00:34,622 INFO [task-1] o.h.Version [Version.java:44] HHH000412: Hibernate ORM core version 5.4.17.Final
2020-06-15 22:00:34,942 INFO [main] o.s.b.a.w.s.WelcomePageHandlerMapping [WelcomePageHandlerMapping.java:58] Adding welcome page template: index
2020-06-15 22:00:34,946 INFO [task-1] o.h.a.c.Version [JavaReflectionManager.java:49] HCANN000001: Hibernate Commons Annotations {5.1.0.Final}
2020-06-15 22:00:35,169 INFO [task-1] c.z.h.HikariDataSource [HikariDataSource.java:110] HikariPool-1 - Starting...
2020-06-15 22:00:35,728 INFO [task-1] c.z.h.HikariDataSource [HikariDataSource.java:123] HikariPool-1 - Start completed.
2020-06-15 22:00:35,774 INFO [task-1] o.h.d.Dialect [Dialect.java:172] HHH000400: Using dialect: org.hibernate.dialect.MySQL8Dialect
2020-06-15 22:00:36,587 INFO [task-1] o.h.t.PojoInstantiator [PojoInstantiator.java:47] HHH000182: No default (no-argument) constructor for class: kr.ac.hansung.cse.model.Product (class must be instantiated by Interceptor)
2020-06-15 22:00:36,882 INFO [task-1] o.h.e.t.j.p.i.JtaPlatformInitiator [JtaPlatformInitiator.java:52] HHH000490: Using JtaPlatform implementation: [org.hibernate.engine.transaction.jta.platform.internal.NoJtaPlatform]
2020-06-15 22:00:36,892 INFO [task-1] o.s.o.j.LocalContainerEntityManagerFactoryBean [AbstractEntityManagerFactoryBean.java:416] Initialized JPA EntityManagerFactory for persistence unit 'default'
2020-06-15 22:00:36,973 INFO [main] o.s.b.a.e.w.EndpointLinksResolver [EndpointLinksResolver.java:58] Exposing 2 endpoint(s) beneath base path '/actuator'
2020-06-15 22:00:37,046 INFO [main] o.a.c.h.Http11NioProtocol [DirectJDKLog.java:173] Starting ProtocolHandler ["http-nio-8080"]
2020-06-15 22:00:37,328 INFO [main] o.s.b.w.e.t.TomcatWebServer [TomcatWebServer.java:220] Tomcat started on port(s): 8080 (http) with context path ''
2020-06-15 22:00:37,330 INFO [main] o.s.d.r.c.DeferredRepositoryInitializationListener [DeferredRepositoryInitializationListener.java:49] Triggering deferred initialization of Spring Data repositories…
2020-06-15 22:00:37,778 INFO [main] o.s.d.r.c.DeferredRepositoryInitializationListener [DeferredRepositoryInitializationListener.java:53] Spring Data repositories initialized!
2020-06-15 22:00:37,791 INFO [main] k.a.h.c.DemoApplication [StartupInfoLogger.java:61] Started DemoApplication in 7.054 seconds (JVM running for 7.557)
2020-06-15 22:02:05,699 INFO [main] k.a.h.c.DemoApplication [StartupInfoLogger.java:55] Starting DemoApplication on LAPTOP-RADIA with PID 20628 (C:\Users\Radia\Documents\vscode-workspace\python-workspace\웹프2 스프링부트 과제\product-api\target\classes started by Radia in c:\Users\Radia\Documents\vscode-workspace\python-workspace\웹프2 스프링부트 과제\product-api)
2020-06-15 22:02:05,703 INFO [main] k.a.h.c.DemoApplication [SpringApplication.java:651] No active profile set, falling back to default profiles: default
2020-06-15 22:02:07,551 INFO [main] o.s.d.r.c.RepositoryConfigurationDelegate [RepositoryConfigurationDelegate.java:127] Bootstrapping Spring Data JPA repositories in DEFERRED mode.
2020-06-15 22:02:07,654 INFO [main] o.s.d.r.c.RepositoryConfigurationDelegate [RepositoryConfigurationDelegate.java:187] Finished Spring Data repository scanning in 90ms. Found 2 JPA repository interfaces.
2020-06-15 22:02:08,698 INFO [main] o.s.b.w.e.t.TomcatWebServer [TomcatWebServer.java:108] Tomcat initialized with port(s): 8080 (http)
2020-06-15 22:02:08,714 INFO [main] o.a.c.h.Http11NioProtocol [DirectJDKLog.java:173] Initializing ProtocolHandler ["http-nio-8080"]
2020-06-15 22:02:08,715 INFO [main] o.a.c.c.StandardService [DirectJDKLog.java:173] Starting service [Tomcat]
2020-06-15 22:02:08,716 INFO [main] o.a.c.c.StandardEngine [DirectJDKLog.java:173] Starting Servlet engine: [Apache Tomcat/9.0.36]
2020-06-15 22:02:08,910 INFO [main] o.a.c.c.C.[.[.[/] [DirectJDKLog.java:173] Initializing Spring embedded WebApplicationContext
2020-06-15 22:02:08,910 INFO [main] o.s.b.w.s.c.ServletWebServerApplicationContext [ServletWebServerApplicationContext.java:285] Root WebApplicationContext: initialization completed in 3162 ms
2020-06-15 22:02:09,323 INFO [main] o.s.s.c.ThreadPoolTaskExecutor [ExecutorConfigurationSupport.java:181] Initializing ExecutorService 'applicationTaskExecutor'
2020-06-15 22:02:09,392 INFO [task-1] o.h.j.i.u.LogHelper [LogHelper.java:31] HHH000204: Processing PersistenceUnitInfo [name: default]
2020-06-15 22:02:09,446 WARN [main] o.s.b.a.o.j.JpaBaseConfiguration$JpaWebConfiguration [JpaBaseConfiguration.java:220] spring.jpa.open-in-view is enabled by default. Therefore, database queries may be performed during view rendering. Explicitly configure spring.jpa.open-in-view to disable this warning
2020-06-15 22:02:09,519 INFO [task-1] o.h.Version [Version.java:44] HHH000412: Hibernate ORM core version 5.4.17.Final
2020-06-15 22:02:09,803 INFO [task-1] o.h.a.c.Version [JavaReflectionManager.java:49] HCANN000001: Hibernate Commons Annotations {5.1.0.Final}
2020-06-15 22:02:09,835 INFO [main] o.s.b.a.w.s.WelcomePageHandlerMapping [WelcomePageHandlerMapping.java:58] Adding welcome page template: index
2020-06-15 22:02:10,089 INFO [task-1] c.z.h.HikariDataSource [HikariDataSource.java:110] HikariPool-1 - Starting...
2020-06-15 22:02:10,671 INFO [task-1] c.z.h.HikariDataSource [HikariDataSource.java:123] HikariPool-1 - Start completed.
2020-06-15 22:02:10,718 INFO [task-1] o.h.d.Dialect [Dialect.java:172] HHH000400: Using dialect: org.hibernate.dialect.MySQL8Dialect
2020-06-15 22:02:11,675 INFO [task-1] o.h.t.PojoInstantiator [PojoInstantiator.java:47] HHH000182: No default (no-argument) constructor for class: kr.ac.hansung.cse.model.Product (class must be instantiated by Interceptor)
2020-06-15 22:02:12,069 INFO [task-1] o.h.e.t.j.p.i.JtaPlatformInitiator [JtaPlatformInitiator.java:52] HHH000490: Using JtaPlatform implementation: [org.hibernate.engine.transaction.jta.platform.internal.NoJtaPlatform]
2020-06-15 22:02:12,082 INFO [task-1] o.s.o.j.LocalContainerEntityManagerFactoryBean [AbstractEntityManagerFactoryBean.java:416] Initialized JPA EntityManagerFactory for persistence unit 'default'
2020-06-15 22:02:12,165 INFO [main] o.s.b.a.e.w.EndpointLinksResolver [EndpointLinksResolver.java:58] Exposing 2 endpoint(s) beneath base path '/actuator'
2020-06-15 22:02:12,223 INFO [main] o.a.c.h.Http11NioProtocol [DirectJDKLog.java:173] Starting ProtocolHandler ["http-nio-8080"]
2020-06-15 22:02:12,487 INFO [main] o.s.b.w.e.t.TomcatWebServer [TomcatWebServer.java:220] Tomcat started on port(s): 8080 (http) with context path ''
2020-06-15 22:02:12,488 INFO [main] o.s.d.r.c.DeferredRepositoryInitializationListener [DeferredRepositoryInitializationListener.java:49] Triggering deferred initialization of Spring Data repositories…
2020-06-15 22:02:12,936 INFO [main] o.s.d.r.c.DeferredRepositoryInitializationListener [DeferredRepositoryInitializationListener.java:53] Spring Data repositories initialized!
2020-06-15 22:02:12,949 INFO [main] k.a.h.c.DemoApplication [StartupInfoLogger.java:61] Started DemoApplication in 7.573 seconds (JVM running for 8.37)
2020-06-15 22:02:24,549 INFO [http-nio-8080-exec-1] o.a.c.c.C.[.[.[/] [DirectJDKLog.java:173] Initializing Spring DispatcherServlet 'dispatcherServlet'
2020-06-15 22:02:24,550 INFO [http-nio-8080-exec-1] o.s.w.s.DispatcherServlet [FrameworkServlet.java:525] Initializing Servlet 'dispatcherServlet'
2020-06-15 22:02:24,558 INFO [http-nio-8080-exec-1] o.s.w.s.DispatcherServlet [FrameworkServlet.java:547] Completed initialization in 8 ms
2020-06-15 22:04:50,218 INFO [main] k.a.h.c.DemoApplication [StartupInfoLogger.java:55] Starting DemoApplication on LAPTOP-RADIA with PID 22424 (C:\Users\Radia\Documents\vscode-workspace\python-workspace\웹프2 스프링부트 과제\product-api\target\classes started by Radia in C:\Users\Radia\Documents\vscode-workspace\python-workspace\웹프2 스프링부트 과제\product-api)
2020-06-15 22:04:50,221 INFO [main] k.a.h.c.DemoApplication [SpringApplication.java:651] No active profile set, falling back to default profiles: default
2020-06-15 22:04:52,196 INFO [main] o.s.d.r.c.RepositoryConfigurationDelegate [RepositoryConfigurationDelegate.java:127] Bootstrapping Spring Data JPA repositories in DEFERRED mode.
2020-06-15 22:04:52,292 INFO [main] o.s.d.r.c.RepositoryConfigurationDelegate [RepositoryConfigurationDelegate.java:187] Finished Spring Data repository scanning in 85ms. Found 2 JPA repository interfaces.
2020-06-15 22:04:53,267 INFO [main] o.s.b.w.e.t.TomcatWebServer [TomcatWebServer.java:108] Tomcat initialized with port(s): 8080 (http)
2020-06-15 22:04:53,279 INFO [main] o.a.c.h.Http11NioProtocol [DirectJDKLog.java:173] Initializing ProtocolHandler ["http-nio-8080"]
2020-06-15 22:04:53,280 INFO [main] o.a.c.c.StandardService [DirectJDKLog.java:173] Starting service [Tomcat]
2020-06-15 22:04:53,281 INFO [main] o.a.c.c.StandardEngine [DirectJDKLog.java:173] Starting Servlet engine: [Apache Tomcat/9.0.36]
2020-06-15 22:04:53,471 INFO [main] o.a.c.c.C.[.[.[/] [DirectJDKLog.java:173] Initializing Spring embedded WebApplicationContext
2020-06-15 22:04:53,472 INFO [main] o.s.b.w.s.c.ServletWebServerApplicationContext [ServletWebServerApplicationContext.java:285] Root WebApplicationContext: initialization completed in 3197 ms
2020-06-15 22:04:53,879 INFO [main] o.s.s.c.ThreadPoolTaskExecutor [ExecutorConfigurationSupport.java:181] Initializing ExecutorService 'applicationTaskExecutor'
2020-06-15 22:04:53,941 INFO [task-1] o.h.j.i.u.LogHelper [LogHelper.java:31] HHH000204: Processing PersistenceUnitInfo [name: default]
2020-06-15 22:04:54,009 WARN [main] o.s.b.a.o.j.JpaBaseConfiguration$JpaWebConfiguration [JpaBaseConfiguration.java:220] spring.jpa.open-in-view is enabled by default. Therefore, database queries may be performed during view rendering. Explicitly configure spring.jpa.open-in-view to disable this warning
2020-06-15 22:04:54,052 INFO [task-1] o.h.Version [Version.java:44] HHH000412: Hibernate ORM core version 5.4.17.Final
2020-06-15 22:04:54,355 INFO [task-1] o.h.a.c.Version [JavaReflectionManager.java:49] HCANN000001: Hibernate Commons Annotations {5.1.0.Final}
2020-06-15 22:04:54,392 INFO [main] o.s.b.a.w.s.WelcomePageHandlerMapping [WelcomePageHandlerMapping.java:58] Adding welcome page template: index
2020-06-15 22:04:54,729 INFO [task-1] c.z.h.HikariDataSource [HikariDataSource.java:110] HikariPool-1 - Starting...
2020-06-15 22:04:55,495 INFO [task-1] c.z.h.HikariDataSource [HikariDataSource.java:123] HikariPool-1 - Start completed.
2020-06-15 22:04:55,538 INFO [task-1] o.h.d.Dialect [Dialect.java:172] HHH000400: Using dialect: org.hibernate.dialect.MySQL8Dialect
2020-06-15 22:04:56,277 INFO [task-1] o.h.t.PojoInstantiator [PojoInstantiator.java:47] HHH000182: No default (no-argument) constructor for class: kr.ac.hansung.cse.model.Product (class must be instantiated by Interceptor)
2020-06-15 22:04:56,498 INFO [task-1] o.h.e.t.j.p.i.JtaPlatformInitiator [JtaPlatformInitiator.java:52] HHH000490: Using JtaPlatform implementation: [org.hibernate.engine.transaction.jta.platform.internal.NoJtaPlatform]
2020-06-15 22:04:56,507 INFO [task-1] o.s.o.j.LocalContainerEntityManagerFactoryBean [AbstractEntityManagerFactoryBean.java:416] Initialized JPA EntityManagerFactory for persistence unit 'default'
2020-06-15 22:04:56,636 INFO [main] o.s.b.a.e.w.EndpointLinksResolver [EndpointLinksResolver.java:58] Exposing 13 endpoint(s) beneath base path '/actuator'
2020-06-15 22:04:56,687 INFO [main] o.a.c.h.Http11NioProtocol [DirectJDKLog.java:173] Starting ProtocolHandler ["http-nio-8080"]
2020-06-15 22:04:56,939 INFO [main] o.s.b.w.e.t.TomcatWebServer [TomcatWebServer.java:220] Tomcat started on port(s): 8080 (http) with context path ''
2020-06-15 22:04:56,941 INFO [main] o.s.d.r.c.DeferredRepositoryInitializationListener [DeferredRepositoryInitializationListener.java:49] Triggering deferred initialization of Spring Data repositories…
2020-06-15 22:04:57,401 INFO [main] o.s.d.r.c.DeferredRepositoryInitializationListener [DeferredRepositoryInitializationListener.java:53] Spring Data repositories initialized!
2020-06-15 22:04:57,419 INFO [main] k.a.h.c.DemoApplication [StartupInfoLogger.java:61] Started DemoApplication in 7.579 seconds (JVM running for 8.066)
2020-06-15 22:05:07,706 INFO [http-nio-8080-exec-2] o.a.c.c.C.[.[.[/] [DirectJDKLog.java:173] Initializing Spring DispatcherServlet 'dispatcherServlet'
2020-06-15 22:05:07,706 INFO [http-nio-8080-exec-2] o.s.w.s.DispatcherServlet [FrameworkServlet.java:525] Initializing Servlet 'dispatcherServlet'
2020-06-15 22:05:07,713 INFO [http-nio-8080-exec-2] o.s.w.s.DispatcherServlet [FrameworkServlet.java:547] Completed initialization in 7 ms
2020-06-16 00:16:56,392 WARN [HikariPool-1 housekeeper] c.z.h.p.HikariPool [HikariPool.java:787] HikariPool-1 - Thread starvation or clock leap detected (housekeeper delta=1m29s979ms273µs600ns).
2020-06-16 00:35:10,514 WARN [HikariPool-1 housekeeper] c.z.h.p.HikariPool [HikariPool.java:787] HikariPool-1 - Thread starvation or clock leap detected (housekeeper delta=1m43s874ms138µs500ns).
